<?xml version="1.0" encoding="UTF-8"?>
<!-- Generated by org.testng.reporters.JUnitXMLReporter -->
<testsuite ignored="0" hostname="HVNLT003" failures="0" tests="4" name="Surefire test" time="40.068" errors="0" timestamp="04 Dec 2017 09:48:46 GMT">
  <testcase classname="quang.doan.demo.DemoRealTimePluginTest" name="Test1 on Test1(quang.doan.demo.DemoRealTimePluginTest)" time="10.017"/>
  <testcase classname="quang.doan.demo.DemoRealTimePluginTest" name="Test2 on Test2(quang.doan.demo.DemoRealTimePluginTest)" time="20.005"/>
  <testcase classname="quang.doan.demo.DemoRealTimePluginTest" name="Test3 on Test3(quang.doan.demo.DemoRealTimePluginTest)" time="30.002"/>
  <testcase classname="quang.doan.demo.DemoRealTimePluginTest" name="Test4 on Test4(quang.doan.demo.DemoRealTimePluginTest)" time="39.997"/>
</testsuite> <!-- Surefire test -->
