<?xml version="1.0" encoding="UTF-8"?>
<!-- Generated by org.testng.reporters.JUnitXMLReporter -->
<testsuite ignored="0" hostname="HVNLT003" failures="0" tests="4" name="Default test" time="40.115" errors="0" timestamp="04 Dec 2017 08:34:51 GMT">
  <testcase classname="quang.doan.demo.DemoRealTimePlugin" name="Test1" time="10.024"/>
  <testcase classname="quang.doan.demo.DemoRealTimePlugin" name="Test2" time="10.015"/>
  <testcase classname="quang.doan.demo.DemoRealTimePlugin" name="Test3" time="10.014"/>
  <testcase classname="quang.doan.demo.DemoRealTimePlugin" name="Test4" time="10.015"/>
</testsuite> <!-- Default test -->
