<?xml version="1.0" encoding="UTF-8"?>
<testsuite xmlns:xsi="http://www.w3.org/2001/XMLSchema-instance" xsi:noNamespaceSchemaLocation="https://maven.apache.org/surefire/maven-surefire-plugin/xsd/surefire-test-report.xsd" name="TestSuite" time="40.613" tests="4" errors="0" skipped="0" failures="0">
  <properties>
[...]
</properties>
  <testcase name="Test1" classname="quang.doan.demo.DemoRealTimePlugin" time="10.018"/>
  <testcase name="Test2" classname="quang.doan.demo.DemoRealTimePlugin" time="9.998"/>
  <testcase name="Test3" classname="quang.doan.demo.DemoRealTimePlugin" time="10.007"/>
  <testcase name="Test4" classname="quang.doan.demo.DemoRealTimePlugin" time="10.007"/>
</testsuite>