<?xml version="1.0" encoding="UTF-8"?>
<testng-results ignored="0" total="4" passed="4" failed="0" skipped="0">
  <reporter-output>
  </reporter-output>
  <suite started-at="2017-12-04T09:48:06Z" name="Surefire suite" finished-at="2017-12-04T09:48:46Z" duration-ms="40068">
    <groups>
    </groups>
    <test started-at="2017-12-04T09:48:06Z" name="Surefire test" finished-at="2017-12-04T09:48:46Z" duration-ms="40068">
      <class name="quang.doan.demo.DemoRealTimePluginTest">
        <test-method signature="Test1()" started-at="2017-12-04T16:48:06Z" name="Test1" finished-at="2017-12-04T16:48:16Z" duration-ms="10017" status="PASS">
          <reporter-output>
          </reporter-output>
        </test-method> <!-- Test1 -->
        <test-method signature="Test2()" started-at="2017-12-04T16:48:06Z" name="Test2" finished-at="2017-12-04T16:48:26Z" duration-ms="20005" status="PASS">
          <reporter-output>
          </reporter-output>
        </test-method> <!-- Test2 -->
        <test-method signature="Test4()" started-at="2017-12-04T16:48:06Z" name="Test4" finished-at="2017-12-04T16:48:46Z" duration-ms="39997" status="PASS">
          <reporter-output>
          </reporter-output>
        </test-method> <!-- Test4 -->
        <test-method signature="Test3()" started-at="2017-12-04T16:48:06Z" name="Test3" finished-at="2017-12-04T16:48:36Z" duration-ms="30002" status="PASS">
          <reporter-output>
          </reporter-output>
        </test-method> <!-- Test3 -->
      </class> <!-- quang.doan.demo.DemoRealTimePluginTest -->
    </test> <!-- Surefire test -->
  </suite> <!-- Surefire suite -->
</testng-results>
