<?xml version="1.0" encoding="UTF-8"?>
<testsuite xmlns:xsi="http://www.w3.org/2001/XMLSchema-instance" xsi:noNamespaceSchemaLocation="https://maven.apache.org/surefire/maven-surefire-plugin/xsd/surefire-test-report.xsd" name="quang.doan.demo.DemoRealTimePluginTest" time="40.491" tests="4" errors="0" skipped="0" failures="0">
  <properties>
[...]
</properties>
  <testcase name="Test1 on Test1(quang.doan.demo.DemoRealTimePluginTest)" classname="quang.doan.demo.DemoRealTimePluginTest" time="10"/>
  <testcase name="Test2 on Test2(quang.doan.demo.DemoRealTimePluginTest)" classname="quang.doan.demo.DemoRealTimePluginTest" time="9.994"/>
  <testcase name="Test3 on Test3(quang.doan.demo.DemoRealTimePluginTest)" classname="quang.doan.demo.DemoRealTimePluginTest" time="9.995"/>
  <testcase name="Test4 on Test4(quang.doan.demo.DemoRealTimePluginTest)" classname="quang.doan.demo.DemoRealTimePluginTest" time="9.995"/>
</testsuite>