<?xml version="1.0" encoding="UTF-8"?>
<testng-results ignored="0" total="4" passed="4" failed="0" skipped="0">
  <reporter-output>
  </reporter-output>
  <suite started-at="2017-12-04T08:34:11Z" name="Default suite" finished-at="2017-12-04T08:34:51Z" duration-ms="40115">
    <groups>
    </groups>
    <test started-at="2017-12-04T08:34:11Z" name="Default test" finished-at="2017-12-04T08:34:51Z" duration-ms="40115">
      <class name="quang.doan.demo.DemoRealTimePlugin">
        <test-method signature="Test1()[pri:0, instance:quang.doan.demo.DemoRealTimePlugin@24313fcc]" started-at="2017-12-04T15:34:11Z" name="Test1" finished-at="2017-12-04T15:34:21Z" duration-ms="10024" status="PASS">
          <reporter-output>
          </reporter-output>
        </test-method> <!-- Test1 -->
        <test-method signature="Test2()[pri:0, instance:quang.doan.demo.DemoRealTimePlugin@24313fcc]" started-at="2017-12-04T15:34:21Z" name="Test2" finished-at="2017-12-04T15:34:31Z" duration-ms="10015" status="PASS">
          <reporter-output>
          </reporter-output>
        </test-method> <!-- Test2 -->
        <test-method signature="Test3()[pri:0, instance:quang.doan.demo.DemoRealTimePlugin@24313fcc]" started-at="2017-12-04T15:34:31Z" name="Test3" finished-at="2017-12-04T15:34:41Z" duration-ms="10014" status="PASS">
          <reporter-output>
          </reporter-output>
        </test-method> <!-- Test3 -->
        <test-method signature="Test4()[pri:0, instance:quang.doan.demo.DemoRealTimePlugin@24313fcc]" started-at="2017-12-04T15:34:41Z" name="Test4" finished-at="2017-12-04T15:34:51Z" duration-ms="10015" status="PASS">
          <reporter-output>
          </reporter-output>
        </test-method> <!-- Test4 -->
      </class> <!-- quang.doan.demo.DemoRealTimePlugin -->
    </test> <!-- Default test -->
  </suite> <!-- Default suite -->
</testng-results>
